[debug] [2024-06-21T04:45:22.195Z] ----------------------------------------------------------------------
[debug] [2024-06-21T04:45:22.198Z] Command:       C:\Program Files\nodejs\node.exe C:\Users\nisar\AppData\Roaming\npm\node_modules\firebase-tools\lib\bin\firebase.js init
[debug] [2024-06-21T04:45:22.198Z] CLI Version:   13.11.3
[debug] [2024-06-21T04:45:22.198Z] Platform:      win32
[debug] [2024-06-21T04:45:22.198Z] Node Version:  v20.9.0
[debug] [2024-06-21T04:45:22.198Z] Time:          Fri Jun 21 2024 10:15:22 GMT+0530 (India Standard Time)
[debug] [2024-06-21T04:45:22.199Z] ----------------------------------------------------------------------
[debug] 
[debug] [2024-06-21T04:45:22.206Z] > command requires scopes: ["email","openid","https://www.googleapis.com/auth/cloudplatformprojects.readonly","https://www.googleapis.com/auth/firebase","https://www.googleapis.com/auth/cloud-platform"]
[debug] [2024-06-21T04:45:22.206Z] > authorizing via signed-in user (nisargpatel1206@gmail.com)
[info] 
     ######## #### ########  ######## ########     ###     ######  ########
     ##        ##  ##     ## ##       ##     ##  ##   ##  ##       ##
     ######    ##  ########  ######   ########  #########  ######  ######
     ##        ##  ##    ##  ##       ##     ## ##     ##       ## ##
     ##       #### ##     ## ######## ########  ##     ##  ######  ########

You're about to initialize a Firebase project in this directory:

  c:\Users\nisar\Programming Language\Stack Up\St-2\29\StackUp-ThreeJS\introduction-three-js

[info] 
=== Project Setup
[info] 
[info] First, let's associate this project directory with a Firebase project.
[info] You can create multiple project aliases by running firebase use --add, 
[info] but for now we'll just set up a default project.
[info] 
[info] i  If you want to create a project in a Google Cloud organization or folder, please use "firebase projects:create" instead, and return to this command when you've created the project. 
[debug] [2024-06-21T04:46:17.589Z] >>> [apiv2][query] POST https://cloudresourcemanager.googleapis.com/v1/projects [none]
[debug] [2024-06-21T04:46:17.590Z] >>> [apiv2][body] POST https://cloudresourcemanager.googleapis.com/v1/projects {"projectId":"nisarg12-stackup-threejs-intro","name":"nisarg12-stackup-threejs-intro"}
[debug] [2024-06-21T04:46:19.721Z] <<< [apiv2][status] POST https://cloudresourcemanager.googleapis.com/v1/projects 409
[debug] [2024-06-21T04:46:19.721Z] <<< [apiv2][body] POST https://cloudresourcemanager.googleapis.com/v1/projects {"error":{"code":409,"message":"Requested entity already exists","status":"ALREADY_EXISTS"}}
[debug] [2024-06-21T04:46:20.393Z] FirebaseError: HTTP Error: 409, Requested entity already exists
    at responseToError (C:\Users\nisar\AppData\Roaming\npm\node_modules\firebase-tools\lib\responseToError.js:49:12)
    at RetryOperation._fn (C:\Users\nisar\AppData\Roaming\npm\node_modules\firebase-tools\lib\apiv2.js:305:77)
    at process.processTicksAndRejections (node:internal/process/task_queues:95:5)
[error] 
[error] Error: Failed to create project because there is already a project with ID nisarg12-stackup-threejs-intro. Please try again with a unique project ID.
[debug] [2024-06-21T04:46:35.290Z] ----------------------------------------------------------------------
[debug] [2024-06-21T04:46:35.292Z] Command:       C:\Program Files\nodejs\node.exe C:\Users\nisar\AppData\Roaming\npm\node_modules\firebase-tools\lib\bin\firebase.js init
[debug] [2024-06-21T04:46:35.293Z] CLI Version:   13.11.3
[debug] [2024-06-21T04:46:35.293Z] Platform:      win32
[debug] [2024-06-21T04:46:35.293Z] Node Version:  v20.9.0
[debug] [2024-06-21T04:46:35.293Z] Time:          Fri Jun 21 2024 10:16:35 GMT+0530 (India Standard Time)
[debug] [2024-06-21T04:46:35.293Z] ----------------------------------------------------------------------
[debug] 
[debug] [2024-06-21T04:46:35.299Z] > command requires scopes: ["email","openid","https://www.googleapis.com/auth/cloudplatformprojects.readonly","https://www.googleapis.com/auth/firebase","https://www.googleapis.com/auth/cloud-platform"]
[debug] [2024-06-21T04:46:35.299Z] > authorizing via signed-in user (nisargpatel1206@gmail.com)
[info] 
     ######## #### ########  ######## ########     ###     ######  ########
     ##        ##  ##     ## ##       ##     ##  ##   ##  ##       ##
     ######    ##  ########  ######   ########  #########  ######  ######
     ##        ##  ##    ##  ##       ##     ## ##     ##       ## ##
     ##       #### ##     ## ######## ########  ##     ##  ######  ########

You're about to initialize a Firebase project in this directory:

  c:\Users\nisar\Programming Language\Stack Up\St-2\29\StackUp-ThreeJS\introduction-three-js

[info] 
=== Project Setup
[info] 
[info] First, let's associate this project directory with a Firebase project.
[info] You can create multiple project aliases by running firebase use --add, 
[info] but for now we'll just set up a default project.
[info] 
[info] i  If you want to create a project in a Google Cloud organization or folder, please use "firebase projects:create" instead, and return to this command when you've created the project. 
[debug] [2024-06-21T04:47:04.222Z] >>> [apiv2][query] POST https://cloudresourcemanager.googleapis.com/v1/projects [none]
[debug] [2024-06-21T04:47:04.223Z] >>> [apiv2][body] POST https://cloudresourcemanager.googleapis.com/v1/projects {"projectId":"<nisarg12>-stackup-threejs-intro","name":"<nisarg12>-stackup-threejs-intro"}
[debug] [2024-06-21T04:47:05.948Z] <<< [apiv2][status] POST https://cloudresourcemanager.googleapis.com/v1/projects 400
[debug] [2024-06-21T04:47:05.948Z] <<< [apiv2][body] POST https://cloudresourcemanager.googleapis.com/v1/projects {"error":{"code":400,"message":"Request contains an invalid argument.","status":"INVALID_ARGUMENT","details":[{"@type":"type.googleapis.com/google.rpc.BadRequest","fieldViolations":[{"field":"project_id","description":"project_id must be at most 30 characters long"},{"field":"project_id","description":"project_id contains invalid characters"},{"field":"display_name","description":"project display name must be at most 30 characters"},{"field":"display_name","description":"project display name contains invalid characters"}]},{"@type":"type.googleapis.com/google.rpc.Help","links":[{"url":"https://cloud.google.com/resource-manager/reference/rest/v1/projects"}]}]}}
[debug] [2024-06-21T04:47:06.279Z] FirebaseError: HTTP Error: 400, Request contains an invalid argument.
    at responseToError (C:\Users\nisar\AppData\Roaming\npm\node_modules\firebase-tools\lib\responseToError.js:49:12)
    at RetryOperation._fn (C:\Users\nisar\AppData\Roaming\npm\node_modules\firebase-tools\lib\apiv2.js:305:77)
    at process.processTicksAndRejections (node:internal/process/task_queues:95:5)
[error] 
[error] Error: Failed to create project. See firebase-debug.log for more info.
[debug] [2024-06-21T04:47:12.526Z] ----------------------------------------------------------------------
[debug] [2024-06-21T04:47:12.528Z] Command:       C:\Program Files\nodejs\node.exe C:\Users\nisar\AppData\Roaming\npm\node_modules\firebase-tools\lib\bin\firebase.js init
[debug] [2024-06-21T04:47:12.529Z] CLI Version:   13.11.3
[debug] [2024-06-21T04:47:12.529Z] Platform:      win32
[debug] [2024-06-21T04:47:12.529Z] Node Version:  v20.9.0
[debug] [2024-06-21T04:47:12.529Z] Time:          Fri Jun 21 2024 10:17:12 GMT+0530 (India Standard Time)
[debug] [2024-06-21T04:47:12.529Z] ----------------------------------------------------------------------
[debug] 
[debug] [2024-06-21T04:47:12.535Z] > command requires scopes: ["email","openid","https://www.googleapis.com/auth/cloudplatformprojects.readonly","https://www.googleapis.com/auth/firebase","https://www.googleapis.com/auth/cloud-platform"]
[debug] [2024-06-21T04:47:12.535Z] > authorizing via signed-in user (nisargpatel1206@gmail.com)
[info] 
     ######## #### ########  ######## ########     ###     ######  ########
     ##        ##  ##     ## ##       ##     ##  ##   ##  ##       ##
     ######    ##  ########  ######   ########  #########  ######  ######
     ##        ##  ##    ##  ##       ##     ## ##     ##       ## ##
     ##       #### ##     ## ######## ########  ##     ##  ######  ########

You're about to initialize a Firebase project in this directory:

  c:\Users\nisar\Programming Language\Stack Up\St-2\29\StackUp-ThreeJS\introduction-three-js

[info] 
=== Project Setup
[info] 
[info] First, let's associate this project directory with a Firebase project.
[info] You can create multiple project aliases by running firebase use --add, 
[info] but for now we'll just set up a default project.
[info] 
[info] i  If you want to create a project in a Google Cloud organization or folder, please use "firebase projects:create" instead, and return to this command when you've created the project. 
[debug] [2024-06-21T04:47:42.402Z] >>> [apiv2][query] POST https://cloudresourcemanager.googleapis.com/v1/projects [none]
[debug] [2024-06-21T04:47:42.402Z] >>> [apiv2][body] POST https://cloudresourcemanager.googleapis.com/v1/projects {"projectId":"<nisarg12>-stackup-threejs-intro","name":"stackup-threejs-intro"}
[debug] [2024-06-21T04:47:44.016Z] <<< [apiv2][status] POST https://cloudresourcemanager.googleapis.com/v1/projects 400
[debug] [2024-06-21T04:47:44.017Z] <<< [apiv2][body] POST https://cloudresourcemanager.googleapis.com/v1/projects {"error":{"code":400,"message":"Request contains an invalid argument.","status":"INVALID_ARGUMENT","details":[{"@type":"type.googleapis.com/google.rpc.BadRequest","fieldViolations":[{"field":"project_id","description":"project_id must be at most 30 characters long"},{"field":"project_id","description":"project_id contains invalid characters"}]},{"@type":"type.googleapis.com/google.rpc.Help","links":[{"url":"https://cloud.google.com/resource-manager/reference/rest/v1/projects"}]}]}}
[debug] [2024-06-21T04:47:44.284Z] FirebaseError: HTTP Error: 400, Request contains an invalid argument.
    at responseToError (C:\Users\nisar\AppData\Roaming\npm\node_modules\firebase-tools\lib\responseToError.js:49:12)
    at RetryOperation._fn (C:\Users\nisar\AppData\Roaming\npm\node_modules\firebase-tools\lib\apiv2.js:305:77)
    at process.processTicksAndRejections (node:internal/process/task_queues:95:5)
[error] 
[error] Error: Failed to create project. See firebase-debug.log for more info.
[debug] [2024-06-21T04:48:31.046Z] ----------------------------------------------------------------------
[debug] [2024-06-21T04:48:31.049Z] Command:       C:\Program Files\nodejs\node.exe C:\Users\nisar\AppData\Roaming\npm\node_modules\firebase-tools\lib\bin\firebase.js init
[debug] [2024-06-21T04:48:31.049Z] CLI Version:   13.11.3
[debug] [2024-06-21T04:48:31.049Z] Platform:      win32
[debug] [2024-06-21T04:48:31.049Z] Node Version:  v20.9.0
[debug] [2024-06-21T04:48:31.049Z] Time:          Fri Jun 21 2024 10:18:31 GMT+0530 (India Standard Time)
[debug] [2024-06-21T04:48:31.049Z] ----------------------------------------------------------------------
[debug] 
[debug] [2024-06-21T04:48:31.055Z] > command requires scopes: ["email","openid","https://www.googleapis.com/auth/cloudplatformprojects.readonly","https://www.googleapis.com/auth/firebase","https://www.googleapis.com/auth/cloud-platform"]
[debug] [2024-06-21T04:48:31.056Z] > authorizing via signed-in user (nisargpatel1206@gmail.com)
[info] 
     ######## #### ########  ######## ########     ###     ######  ########
     ##        ##  ##     ## ##       ##     ##  ##   ##  ##       ##
     ######    ##  ########  ######   ########  #########  ######  ######
     ##        ##  ##    ##  ##       ##     ## ##     ##       ## ##
     ##       #### ##     ## ######## ########  ##     ##  ######  ########

You're about to initialize a Firebase project in this directory:

  c:\Users\nisar\Programming Language\Stack Up\St-2\29\StackUp-ThreeJS\introduction-three-js

[info] 
=== Project Setup
[info] 
[info] First, let's associate this project directory with a Firebase project.
[info] You can create multiple project aliases by running firebase use --add, 
[info] but for now we'll just set up a default project.
[info] 
[info] i  If you want to create a project in a Google Cloud organization or folder, please use "firebase projects:create" instead, and return to this command when you've created the project. 
[debug] [2024-06-21T04:49:03.200Z] >>> [apiv2][query] POST https://cloudresourcemanager.googleapis.com/v1/projects [none]
[debug] [2024-06-21T04:49:03.200Z] >>> [apiv2][body] POST https://cloudresourcemanager.googleapis.com/v1/projects {"projectId":"nisarg12-threejs-intro","name":"threejs-intro"}
[debug] [2024-06-21T04:49:06.553Z] <<< [apiv2][status] POST https://cloudresourcemanager.googleapis.com/v1/projects 200
[debug] [2024-06-21T04:49:06.553Z] <<< [apiv2][body] POST https://cloudresourcemanager.googleapis.com/v1/projects {"name":"operations/cp.8684427702325967638"}
[debug] [2024-06-21T04:49:06.554Z] >>> [apiv2][query] GET https://cloudresourcemanager.googleapis.com/v1/operations/cp.8684427702325967638 [none]
[debug] [2024-06-21T04:49:08.315Z] <<< [apiv2][status] GET https://cloudresourcemanager.googleapis.com/v1/operations/cp.8684427702325967638 200
[debug] [2024-06-21T04:49:08.315Z] <<< [apiv2][body] GET https://cloudresourcemanager.googleapis.com/v1/operations/cp.8684427702325967638 {"name":"operations/cp.8684427702325967638"}
[debug] [2024-06-21T04:49:08.820Z] [Project Creation Poller] Retrying task index 0
[debug] [2024-06-21T04:49:08.821Z] >>> [apiv2][query] GET https://cloudresourcemanager.googleapis.com/v1/operations/cp.8684427702325967638 [none]
[debug] [2024-06-21T04:49:09.527Z] <<< [apiv2][status] GET https://cloudresourcemanager.googleapis.com/v1/operations/cp.8684427702325967638 200
[debug] [2024-06-21T04:49:09.527Z] <<< [apiv2][body] GET https://cloudresourcemanager.googleapis.com/v1/operations/cp.8684427702325967638 {"name":"operations/cp.8684427702325967638","metadata":{"@type":"type.googleapis.com/google.cloudresourcemanager.v1.ProjectCreationStatus","gettable":true}}
[debug] [2024-06-21T04:49:10.544Z] [Project Creation Poller] Retrying task index 0
[debug] [2024-06-21T04:49:10.545Z] >>> [apiv2][query] GET https://cloudresourcemanager.googleapis.com/v1/operations/cp.8684427702325967638 [none]
[debug] [2024-06-21T04:49:11.176Z] <<< [apiv2][status] GET https://cloudresourcemanager.googleapis.com/v1/operations/cp.8684427702325967638 200
[debug] [2024-06-21T04:49:11.176Z] <<< [apiv2][body] GET https://cloudresourcemanager.googleapis.com/v1/operations/cp.8684427702325967638 {"name":"operations/cp.8684427702325967638","metadata":{"@type":"type.googleapis.com/google.cloudresourcemanager.v1.ProjectCreationStatus","gettable":true,"ready":true},"done":true,"response":{"@type":"type.googleapis.com/google.cloudresourcemanager.v1.Project","projectNumber":"913055494436","projectId":"nisarg12-threejs-intro","lifecycleState":"ACTIVE","name":"threejs-intro","createTime":"2024-06-21T04:49:08.307897Z"}}
[debug] [2024-06-21T04:49:11.181Z] >>> [apiv2][query] POST https://firebase.googleapis.com/v1beta1/projects/nisarg12-threejs-intro:addFirebase [none]
[debug] [2024-06-21T04:49:12.733Z] <<< [apiv2][status] POST https://firebase.googleapis.com/v1beta1/projects/nisarg12-threejs-intro:addFirebase 403
[debug] [2024-06-21T04:49:12.733Z] <<< [apiv2][body] POST https://firebase.googleapis.com/v1beta1/projects/nisarg12-threejs-intro:addFirebase {"error":{"code":403,"message":"The caller does not have permission","status":"PERMISSION_DENIED"}}
[debug] [2024-06-21T04:49:12.733Z] HTTP Error: 403, The caller does not have permission
[debug] [2024-06-21T04:49:13.741Z] FirebaseError: HTTP Error: 403, The caller does not have permission
    at responseToError (C:\Users\nisar\AppData\Roaming\npm\node_modules\firebase-tools\lib\responseToError.js:49:12)
    at RetryOperation._fn (C:\Users\nisar\AppData\Roaming\npm\node_modules\firebase-tools\lib\apiv2.js:305:77)
    at process.processTicksAndRejections (node:internal/process/task_queues:95:5)
[error] 
[error] Error: Failed to add Firebase to Google Cloud Platform project. See firebase-debug.log for more info.
